Results of doctest builder run on 2015-11-20 17:21:38
=====================================================

Document: flask_ponywhoosh
--------------------------
**********************************************************************
File "flask_ponywhoosh.rst", line 14, in default
Failed example:
    from flask_ponywhoosh.utilss import suma
Exception raised:
    Traceback (most recent call last):
      File "/Library/Frameworks/Python.framework/Versions/2.7/lib/python2.7/doctest.py", line 1315, in __run
        compileflags, 1) in test.globs
      File "<doctest default[0]>", line 1, in <module>
        from flask_ponywhoosh.utilss import suma
    ImportError: No module named utilss
**********************************************************************
File "flask_ponywhoosh.rst", line 15, in default
Failed example:
    suma(1,2)
Exception raised:
    Traceback (most recent call last):
      File "/Library/Frameworks/Python.framework/Versions/2.7/lib/python2.7/doctest.py", line 1315, in __run
        compileflags, 1) in test.globs
      File "<doctest default[1]>", line 1, in <module>
        suma(1,2)
    NameError: name 'suma' is not defined
**********************************************************************
1 items had failures:
   2 of   2 in default
2 tests in 1 items.
0 passed and 2 failed.
***Test Failed*** 2 failures.

Doctest summary
===============
    2 tests
    2 failures in tests
    0 failures in setup code
    0 failures in cleanup code
